<?xml version="1.0" encoding="UTF-8"?>
<testsuite xmlns:xsi="http://www.w3.org/2001/XMLSchema-instance" xsi:schemaLocation="https://maven.apache.org/surefire/maven-surefire-plugin/xsd/surefire-test-report.xsd" name="TestSuite" time="145.277" tests="6" errors="0" skipped="1" failures="1">
  <properties>
[...]
</properties>
  <testcase name="createNewProduct" classname="myprojects.automation.assignment4.tests.CreateProductTest" time="9.476"/>
  <testcase name="createNewProduct" classname="myprojects.automation.assignment4.tests.CreateProductTest" time="10.412"/>
  <testcase name="createNewProduct" classname="myprojects.automation.assignment4.tests.CreateProductTest" time="111.842">
    <failure message="Element is no longer valid (WARNING: The server did not provide any stacktrace information)&#10;Command duration or timeout: 16 milliseconds&#10;For documentation on this error, please visit: http://seleniumhq.org/exceptions/stale_element_reference.html&#10;Build info: version: &apos;3.0.1&apos;, revision: &apos;1969d75&apos;, time: &apos;2016-10-18 09:49:13 -0700&apos;&#10;System info: host: &apos;comp1&apos;, ip: &apos;192.168.56.1&apos;, os.name: &apos;Windows 7&apos;, os.arch: &apos;amd64&apos;, os.version: &apos;6.1&apos;, java.version: &apos;1.8.0_144&apos;&#10;Driver info: org.openqa.selenium.ie.InternetExplorerDriver&#10;Capabilities [{browserAttachTimeout=0, ie.enableFullPageScreenshot=true, enablePersistentHover=true, ie.forceCreateProcessApi=false, ie.forceShellWindowsApi=false, pageLoadStrategy=normal, ignoreZoomSetting=false, ie.fileUploadDialogTimeout=3000, version=11, platform=WINDOWS, nativeEvents=true, ie.ensureCleanSession=false, elementScrollBehavior=0, ie.browserCommandLineSwitches=, requireWindowFocus=false, browserName=internet explorer, initialBrowserUrl=http://localhost:48493/, javascriptEnabled=true, ignoreProtectedModeSettings=false, enableElementCacheCleanup=true, unexpectedAlertBehaviour=dismiss}]&#10;Session ID: 13e164ed-18d6-4692-99af-7649839c0351" type="org.openqa.selenium.StaleElementReferenceException">org.openqa.selenium.StaleElementReferenceException: 
Element is no longer valid (WARNING: The server did not provide any stacktrace information)
Command duration or timeout: 16 milliseconds
For documentation on this error, please visit: http://seleniumhq.org/exceptions/stale_element_reference.html
Build info: version: '3.0.1', revision: '1969d75', time: '2016-10-18 09:49:13 -0700'
System info: host: 'comp1', ip: '192.168.56.1', os.name: 'Windows 7', os.arch: 'amd64', os.version: '6.1', java.version: '1.8.0_144'
Driver info: org.openqa.selenium.ie.InternetExplorerDriver
Capabilities [{browserAttachTimeout=0, ie.enableFullPageScreenshot=true, enablePersistentHover=true, ie.forceCreateProcessApi=false, ie.forceShellWindowsApi=false, pageLoadStrategy=normal, ignoreZoomSetting=false, ie.fileUploadDialogTimeout=3000, version=11, platform=WINDOWS, nativeEvents=true, ie.ensureCleanSession=false, elementScrollBehavior=0, ie.browserCommandLineSwitches=, requireWindowFocus=false, browserName=internet explorer, initialBrowserUrl=http://localhost:48493/, javascriptEnabled=true, ignoreProtectedModeSettings=false, enableElementCacheCleanup=true, unexpectedAlertBehaviour=dismiss}]
Session ID: 13e164ed-18d6-4692-99af-7649839c0351
	at myprojects.automation.assignment4.tests.CreateProductTest.createNewProduct(CreateProductTest.java:28)
</failure>
    <system-err><![CDATA[Started InternetExplorerDriver server (64-bit)
3.1.0.0
Listening on port 48493
Only local connections are allowed
жовт. 12, 2017 11:18:58 AM org.openqa.selenium.remote.ProtocolHandshake createSession
INFO: Attempting bi-dialect session, assuming Postel's Law holds true on the remote end
жовт. 12, 2017 11:19:00 AM org.openqa.selenium.remote.ProtocolHandshake createSession
INFO: Detected dialect: OSS
]]></system-err>
  </testcase>
  <testcase name="checkProductAppearance" classname="myprojects.automation.assignment4.tests.CreateProductTest" time="2.808"/>
  <testcase name="checkProductAppearance" classname="myprojects.automation.assignment4.tests.CreateProductTest" time="3.74"/>
  <testcase name="checkProductAppearance" classname="myprojects.automation.assignment4.tests.CreateProductTest" time="0">
    <skipped message="Method CreateProductTest.checkProductAppearance()[pri:0, instance:myprojects.automation.assignment4.tests.CreateProductTest@36f6e879] depends on not successfully finished methods"/>
  </testcase>
</testsuite>