<?xml version="1.0" encoding="UTF-8"?>
<!-- Generated by org.testng.reporters.JUnitXMLReporter -->
<testsuite hostname="comp1" name="Create New Product [Chrome]" tests="2" failures="0" timestamp="12 Oct 2017 08:21:43 GMT" time="14.949" errors="0">
  <testcase name="createNewProduct" time="10.205" classname="myprojects.automation.assignment4.tests.CreateProductTest"/>
  <testcase name="checkProductAppearance" time="2.806" classname="myprojects.automation.assignment4.tests.CreateProductTest"/>
</testsuite> <!-- Create New Product [Chrome] -->
