<?xml version="1.0" encoding="UTF-8"?>
<!-- Generated by org.testng.reporters.JUnitXMLReporter -->
<testsuite hostname="comp1" name="Create New Product [Firefox]" tests="2" failures="0" timestamp="12 Oct 2017 08:18:57 GMT" time="15.517" errors="0">
  <testcase name="createNewProduct" time="10.412" classname="myprojects.automation.assignment4.tests.CreateProductTest"/>
  <testcase name="checkProductAppearance" time="3.74" classname="myprojects.automation.assignment4.tests.CreateProductTest"/>
</testsuite> <!-- Create New Product [Firefox] -->
